{"C:\\Users\\Ibrah\\Documents\\Html\\ynov-2602-mfp\\server\\src\\app.ts": {"path":"C:\\Users\\Ibrah\\Documents\\Html\\ynov-2602-mfp\\server\\src\\app.ts","statementMap":{"0":{"start":{"line":1,"column":0},"end":{"line":1,"column":30}},"1":{"start":{"line":2,"column":0},"end":{"line":2,"column":24}},"2":{"start":{"line":3,"column":0},"end":{"line":3,"column":33}},"3":{"start":{"line":5,"column":12},"end":{"line":5,"column":21}},"4":{"start":{"line":7,"column":0},"end":{"line":12,"column":2}},"5":{"start":{"line":15,"column":0},"end":{"line":15,"column":24}},"6":{"start":{"line":18,"column":0},"end":{"line":18,"column":27}},"7":{"start":{"line":21,"column":0},"end":{"line":23,"column":3}},"8":{"start":{"line":22,"column":2},"end":{"line":22,"column":25}},"9":{"start":{"line":25,"column":0},"end":{"line":25,"column":19}}},"fnMap":{"0":{"name":"(anonymous_1)","decl":{"start":{"line":21,"column":8},"end":{"line":21,"column":9}},"loc":{"start":{"line":21,"column":19},"end":{"line":23,"column":1}}}},"branchMap":{},"s":{"0":1,"1":1,"2":1,"3":1,"4":1,"5":1,"6":1,"7":1,"8":0,"9":1},"f":{"0":0},"b":{}}
,"C:\\Users\\Ibrah\\Documents\\Html\\ynov-2602-mfp\\server\\src\\datasource.ts": {"path":"C:\\Users\\Ibrah\\Documents\\Html\\ynov-2602-mfp\\server\\src\\datasource.ts","statementMap":{"0":{"start":{"line":1,"column":0},"end":{"line":1,"column":37}},"1":{"start":{"line":3,"column":19},"end":{"line":9,"column":2}},"2":{"start":{"line":11,"column":0},"end":{"line":11,"column":26}}},"fnMap":{},"branchMap":{},"s":{"0":1,"1":1,"2":1},"f":{},"b":{}}
,"C:\\Users\\Ibrah\\Documents\\Html\\ynov-2602-mfp\\server\\src\\router.ts": {"path":"C:\\Users\\Ibrah\\Documents\\Html\\ynov-2602-mfp\\server\\src\\router.ts","statementMap":{"0":{"start":{"line":1,"column":0},"end":{"line":1,"column":33}},"1":{"start":{"line":2,"column":0},"end":{"line":2,"column":46}},"2":{"start":{"line":3,"column":0},"end":{"line":3,"column":54}},"3":{"start":{"line":5,"column":18},"end":{"line":5,"column":26}},"4":{"start":{"line":7,"column":0},"end":{"line":7,"column":37}},"5":{"start":{"line":8,"column":0},"end":{"line":8,"column":45}},"6":{"start":{"line":10,"column":0},"end":{"line":10,"column":25}}},"fnMap":{},"branchMap":{},"s":{"0":1,"1":1,"2":1,"3":1,"4":1,"5":1,"6":1},"f":{},"b":{}}
,"C:\\Users\\Ibrah\\Documents\\Html\\ynov-2602-mfp\\server\\src\\controllers\\Addresses.ts": {"path":"C:\\Users\\Ibrah\\Documents\\Html\\ynov-2602-mfp\\server\\src\\controllers\\Addresses.ts","statementMap":{"0":{"start":{"line":1,"column":0},"end":{"line":1,"column":33}},"1":{"start":{"line":2,"column":0},"end":{"line":2,"column":77}},"2":{"start":{"line":3,"column":0},"end":{"line":3,"column":46}},"3":{"start":{"line":4,"column":0},"end":{"line":4,"column":53}},"4":{"start":{"line":5,"column":0},"end":{"line":5,"column":65}},"5":{"start":{"line":6,"column":0},"end":{"line":6,"column":51}},"6":{"start":{"line":8,"column":24},"end":{"line":8,"column":32}},"7":{"start":{"line":10,"column":0},"end":{"line":35,"column":3}},"8":{"start":{"line":11,"column":21},"end":{"line":11,"column":40}},"9":{"start":{"line":12,"column":15},"end":{"line":12,"column":28}},"10":{"start":{"line":13,"column":22},"end":{"line":13,"column":42}},"11":{"start":{"line":15,"column":2},"end":{"line":19,"column":3}},"12":{"start":{"line":16,"column":4},"end":{"line":18,"column":62}},"13":{"start":{"line":21,"column":22},"end":{"line":21,"column":64}},"14":{"start":{"line":23,"column":2},"end":{"line":34,"column":3}},"15":{"start":{"line":24,"column":17},"end":{"line":24,"column":46}},"16":{"start":{"line":25,"column":20},"end":{"line":25,"column":33}},"17":{"start":{"line":26,"column":4},"end":{"line":26,"column":24}},"18":{"start":{"line":27,"column":4},"end":{"line":27,"column":38}},"19":{"start":{"line":28,"column":4},"end":{"line":28,"column":40}},"20":{"start":{"line":29,"column":4},"end":{"line":29,"column":24}},"21":{"start":{"line":30,"column":4},"end":{"line":30,"column":25}},"22":{"start":{"line":31,"column":4},"end":{"line":31,"column":39}},"23":{"start":{"line":33,"column":4},"end":{"line":33,"column":70}},"24":{"start":{"line":37,"column":0},"end":{"line":41,"column":3}},"25":{"start":{"line":38,"column":15},"end":{"line":38,"column":44}},"26":{"start":{"line":39,"column":20},"end":{"line":39,"column":67}},"27":{"start":{"line":40,"column":2},"end":{"line":40,"column":40}},"28":{"start":{"line":43,"column":0},"end":{"line":46,"column":3}},"29":{"start":{"line":44,"column":20},"end":{"line":44,"column":40}},"30":{"start":{"line":45,"column":2},"end":{"line":45,"column":40}},"31":{"start":{"line":48,"column":0},"end":{"line":82,"column":3}},"32":{"start":{"line":49,"column":17},"end":{"line":49,"column":32}},"33":{"start":{"line":51,"column":2},"end":{"line":55,"column":3}},"34":{"start":{"line":52,"column":4},"end":{"line":54,"column":74}},"35":{"start":{"line":57,"column":15},"end":{"line":57,"column":28}},"36":{"start":{"line":59,"column":2},"end":{"line":69,"column":3}},"37":{"start":{"line":66,"column":4},"end":{"line":68,"column":7}},"38":{"start":{"line":71,"column":15},"end":{"line":71,"column":44}},"39":{"start":{"line":72,"column":20},"end":{"line":72,"column":67}},"40":{"start":{"line":73,"column":25},"end":{"line":73,"column":27}},"41":{"start":{"line":75,"column":2},"end":{"line":79,"column":3}},"42":{"start":{"line":76,"column":4},"end":{"line":78,"column":5}},"43":{"start":{"line":77,"column":6},"end":{"line":77,"column":35}},"44":{"start":{"line":81,"column":2},"end":{"line":81,"column":45}},"45":{"start":{"line":84,"column":0},"end":{"line":84,"column":31}}},"fnMap":{"0":{"name":"(anonymous_0)","decl":{"start":{"line":10,"column":40},"end":{"line":10,"column":45}},"loc":{"start":{"line":10,"column":59},"end":{"line":35,"column":1}}},"1":{"name":"(anonymous_1)","decl":{"start":{"line":37,"column":41},"end":{"line":37,"column":46}},"loc":{"start":{"line":37,"column":60},"end":{"line":41,"column":1}}},"2":{"name":"(anonymous_2)","decl":{"start":{"line":43,"column":39},"end":{"line":43,"column":44}},"loc":{"start":{"line":43,"column":58},"end":{"line":46,"column":1}}},"3":{"name":"(anonymous_3)","decl":{"start":{"line":48,"column":48},"end":{"line":48,"column":53}},"loc":{"start":{"line":48,"column":67},"end":{"line":82,"column":1}}}},"branchMap":{"0":{"loc":{"start":{"line":15,"column":2},"end":{"line":19,"column":3}},"type":"if","locations":[{"start":{"line":15,"column":2},"end":{"line":19,"column":3}},{"start":{},"end":{}}]},"1":{"loc":{"start":{"line":15,"column":6},"end":{"line":15,"column":26}},"type":"binary-expr","locations":[{"start":{"line":15,"column":6},"end":{"line":15,"column":17}},{"start":{"line":15,"column":21},"end":{"line":15,"column":26}}]},"2":{"loc":{"start":{"line":23,"column":2},"end":{"line":34,"column":3}},"type":"if","locations":[{"start":{"line":23,"column":2},"end":{"line":34,"column":3}},{"start":{"line":32,"column":9},"end":{"line":34,"column":3}}]},"3":{"loc":{"start":{"line":51,"column":2},"end":{"line":55,"column":3}},"type":"if","locations":[{"start":{"line":51,"column":2},"end":{"line":55,"column":3}},{"start":{},"end":{}}]},"4":{"loc":{"start":{"line":51,"column":6},"end":{"line":51,"column":57}},"type":"binary-expr","locations":[{"start":{"line":51,"column":6},"end":{"line":51,"column":13}},{"start":{"line":51,"column":17},"end":{"line":51,"column":43}},{"start":{"line":51,"column":47},"end":{"line":51,"column":57}}]},"5":{"loc":{"start":{"line":59,"column":2},"end":{"line":69,"column":3}},"type":"if","locations":[{"start":{"line":59,"column":2},"end":{"line":69,"column":3}},{"start":{},"end":{}}]},"6":{"loc":{"start":{"line":60,"column":4},"end":{"line":64,"column":32}},"type":"binary-expr","locations":[{"start":{"line":60,"column":4},"end":{"line":60,"column":9}},{"start":{"line":61,"column":4},"end":{"line":61,"column":13}},{"start":{"line":62,"column":4},"end":{"line":62,"column":13}},{"start":{"line":63,"column":4},"end":{"line":63,"column":32}},{"start":{"line":64,"column":4},"end":{"line":64,"column":32}}]},"7":{"loc":{"start":{"line":76,"column":4},"end":{"line":78,"column":5}},"type":"if","locations":[{"start":{"line":76,"column":4},"end":{"line":78,"column":5}},{"start":{},"end":{}}]}},"s":{"0":1,"1":1,"2":1,"3":1,"4":1,"5":1,"6":1,"7":1,"8":0,"9":0,"10":0,"11":0,"12":0,"13":0,"14":0,"15":0,"16":0,"17":0,"18":0,"19":0,"20":0,"21":0,"22":0,"23":0,"24":1,"25":0,"26":0,"27":0,"28":1,"29":1,"30":1,"31":1,"32":0,"33":0,"34":0,"35":0,"36":0,"37":0,"38":0,"39":0,"40":0,"41":0,"42":0,"43":0,"44":0,"45":1},"f":{"0":0,"1":0,"2":1,"3":0},"b":{"0":[0,0],"1":[0,0],"2":[0,0],"3":[0,0],"4":[0,0,0],"5":[0,0],"6":[0,0,0,0,0],"7":[0,0]}}
,"C:\\Users\\Ibrah\\Documents\\Html\\ynov-2602-mfp\\server\\src\\controllers\\Users.ts": {"path":"C:\\Users\\Ibrah\\Documents\\Html\\ynov-2602-mfp\\server\\src\\controllers\\Users.ts","statementMap":{"0":{"start":{"line":1,"column":0},"end":{"line":1,"column":33}},"1":{"start":{"line":2,"column":0},"end":{"line":2,"column":40}},"2":{"start":{"line":3,"column":0},"end":{"line":3,"column":28}},"3":{"start":{"line":4,"column":0},"end":{"line":4,"column":31}},"4":{"start":{"line":5,"column":0},"end":{"line":5,"column":53}},"5":{"start":{"line":6,"column":0},"end":{"line":6,"column":65}},"6":{"start":{"line":8,"column":23},"end":{"line":8,"column":70}},"7":{"start":{"line":10,"column":20},"end":{"line":10,"column":28}},"8":{"start":{"line":12,"column":0},"end":{"line":30,"column":3}},"9":{"start":{"line":13,"column":16},"end":{"line":13,"column":30}},"10":{"start":{"line":14,"column":19},"end":{"line":14,"column":36}},"11":{"start":{"line":16,"column":2},"end":{"line":18,"column":3}},"12":{"start":{"line":17,"column":4},"end":{"line":17,"column":80}},"13":{"start":{"line":20,"column":2},"end":{"line":29,"column":3}},"14":{"start":{"line":21,"column":17},"end":{"line":21,"column":27}},"15":{"start":{"line":22,"column":4},"end":{"line":22,"column":23}},"16":{"start":{"line":23,"column":4},"end":{"line":23,"column":54}},"17":{"start":{"line":24,"column":4},"end":{"line":24,"column":22}},"18":{"start":{"line":25,"column":4},"end":{"line":25,"column":36}},"19":{"start":{"line":27,"column":4},"end":{"line":27,"column":59}},"20":{"start":{"line":28,"column":4},"end":{"line":28,"column":70}},"21":{"start":{"line":32,"column":0},"end":{"line":35,"column":3}},"22":{"start":{"line":33,"column":15},"end":{"line":33,"column":44}},"23":{"start":{"line":34,"column":2},"end":{"line":34,"column":34}},"24":{"start":{"line":37,"column":0},"end":{"line":64,"column":3}},"25":{"start":{"line":38,"column":16},"end":{"line":38,"column":30}},"26":{"start":{"line":39,"column":19},"end":{"line":39,"column":36}},"27":{"start":{"line":41,"column":2},"end":{"line":43,"column":3}},"28":{"start":{"line":42,"column":4},"end":{"line":42,"column":80}},"29":{"start":{"line":45,"column":15},"end":{"line":45,"column":46}},"30":{"start":{"line":47,"column":2},"end":{"line":49,"column":3}},"31":{"start":{"line":48,"column":4},"end":{"line":48,"column":66}},"32":{"start":{"line":51,"column":2},"end":{"line":63,"column":3}},"33":{"start":{"line":52,"column":4},"end":{"line":60,"column":5}},"34":{"start":{"line":53,"column":20},"end":{"line":53,"column":65}},"35":{"start":{"line":54,"column":6},"end":{"line":56,"column":9}},"36":{"start":{"line":57,"column":6},"end":{"line":57,"column":40}},"37":{"start":{"line":59,"column":6},"end":{"line":59,"column":68}},"38":{"start":{"line":62,"column":4},"end":{"line":62,"column":66}},"39":{"start":{"line":66,"column":0},"end":{"line":66,"column":27}}},"fnMap":{"0":{"name":"(anonymous_1)","decl":{"start":{"line":12,"column":22},"end":{"line":12,"column":27}},"loc":{"start":{"line":12,"column":41},"end":{"line":30,"column":1}}},"1":{"name":"(anonymous_2)","decl":{"start":{"line":32,"column":37},"end":{"line":32,"column":42}},"loc":{"start":{"line":32,"column":56},"end":{"line":35,"column":1}}},"2":{"name":"(anonymous_3)","decl":{"start":{"line":37,"column":28},"end":{"line":37,"column":33}},"loc":{"start":{"line":37,"column":47},"end":{"line":64,"column":1}}}},"branchMap":{"0":{"loc":{"start":{"line":8,"column":23},"end":{"line":8,"column":70}},"type":"binary-expr","locations":[{"start":{"line":8,"column":23},"end":{"line":8,"column":49}},{"start":{"line":8,"column":53},"end":{"line":8,"column":70}}]},"1":{"loc":{"start":{"line":16,"column":2},"end":{"line":18,"column":3}},"type":"if","locations":[{"start":{"line":16,"column":2},"end":{"line":18,"column":3}},{"start":{},"end":{}}]},"2":{"loc":{"start":{"line":16,"column":6},"end":{"line":16,"column":25}},"type":"binary-expr","locations":[{"start":{"line":16,"column":6},"end":{"line":16,"column":12}},{"start":{"line":16,"column":16},"end":{"line":16,"column":25}}]},"3":{"loc":{"start":{"line":41,"column":2},"end":{"line":43,"column":3}},"type":"if","locations":[{"start":{"line":41,"column":2},"end":{"line":43,"column":3}},{"start":{},"end":{}}]},"4":{"loc":{"start":{"line":41,"column":6},"end":{"line":41,"column":25}},"type":"binary-expr","locations":[{"start":{"line":41,"column":6},"end":{"line":41,"column":12}},{"start":{"line":41,"column":16},"end":{"line":41,"column":25}}]},"5":{"loc":{"start":{"line":47,"column":2},"end":{"line":49,"column":3}},"type":"if","locations":[{"start":{"line":47,"column":2},"end":{"line":49,"column":3}},{"start":{},"end":{}}]},"6":{"loc":{"start":{"line":52,"column":4},"end":{"line":60,"column":5}},"type":"if","locations":[{"start":{"line":52,"column":4},"end":{"line":60,"column":5}},{"start":{"line":58,"column":11},"end":{"line":60,"column":5}}]}},"s":{"0":1,"1":1,"2":1,"3":1,"4":1,"5":1,"6":1,"7":1,"8":1,"9":1,"10":1,"11":1,"12":0,"13":1,"14":1,"15":1,"16":1,"17":1,"18":1,"19":0,"20":0,"21":1,"22":1,"23":1,"24":1,"25":1,"26":1,"27":1,"28":0,"29":1,"30":1,"31":0,"32":1,"33":1,"34":1,"35":1,"36":1,"37":0,"38":0,"39":1},"f":{"0":1,"1":1,"2":1},"b":{"0":[1,1],"1":[0,1],"2":[1,1],"3":[0,1],"4":[1,1],"5":[0,1],"6":[1,0]}}
,"C:\\Users\\Ibrah\\Documents\\Html\\ynov-2602-mfp\\server\\src\\entities\\Address.ts": {"path":"C:\\Users\\Ibrah\\Documents\\Html\\ynov-2602-mfp\\server\\src\\entities\\Address.ts","statementMap":{"0":{"start":{"line":1,"column":0},"end":{"line":1,"column":null}},"1":{"start":{"line":9,"column":0},"end":{"line":9,"column":30}},"2":{"start":{"line":12,"column":7},"end":{"line":33,"column":null}},"3":{"start":{"line":12,"column":13},"end":{"line":12,"column":20}},"4":{"start":{"line":14,"column":2},"end":{"line":14,"column":null}},"5":{"start":{"line":17,"column":2},"end":{"line":17,"column":null}},"6":{"start":{"line":20,"column":2},"end":{"line":20,"column":null}},"7":{"start":{"line":23,"column":2},"end":{"line":23,"column":null}},"8":{"start":{"line":26,"column":2},"end":{"line":26,"column":null}},"9":{"start":{"line":29,"column":2},"end":{"line":29,"column":null}},"10":{"start":{"line":28,"column":19},"end":{"line":28,"column":23}},"11":{"start":{"line":28,"column":35},"end":{"line":28,"column":49}},"12":{"start":{"line":32,"column":2},"end":{"line":32,"column":null}},"13":{"start":{"line":12,"column":13},"end":{"line":33,"column":null}}},"fnMap":{"0":{"name":"(anonymous_2)","decl":{"start":{"line":28,"column":13},"end":{"line":28,"column":16}},"loc":{"start":{"line":28,"column":19},"end":{"line":28,"column":23}}},"1":{"name":"(anonymous_3)","decl":{"start":{"line":28,"column":25},"end":{"line":28,"column":26}},"loc":{"start":{"line":28,"column":35},"end":{"line":28,"column":49}}}},"branchMap":{"0":{"loc":{"start":{"line":29,"column":8},"end":{"line":29,"column":13}},"type":"cond-expr","locations":[{"start":{"line":29,"column":12},"end":{"line":29,"column":13}},{"start":{"line":29,"column":12},"end":{"line":29,"column":13}}]},"1":{"loc":{"start":{"line":29,"column":8},"end":{"line":29,"column":12}},"type":"binary-expr","locations":[{"start":{"line":29,"column":8},"end":{"line":29,"column":13}},{"start":{"line":29,"column":8},"end":{"line":29,"column":12}}]},"2":{"loc":{"start":{"line":32,"column":13},"end":{"line":32,"column":18}},"type":"cond-expr","locations":[{"start":{"line":32,"column":17},"end":{"line":32,"column":18}},{"start":{"line":32,"column":17},"end":{"line":32,"column":18}}]},"3":{"loc":{"start":{"line":32,"column":13},"end":{"line":32,"column":17}},"type":"binary-expr","locations":[{"start":{"line":32,"column":13},"end":{"line":32,"column":18}},{"start":{"line":32,"column":13},"end":{"line":32,"column":17}}]}},"s":{"0":1,"1":1,"2":1,"3":1,"4":1,"5":1,"6":1,"7":1,"8":1,"9":1,"10":1,"11":1,"12":1,"13":1},"f":{"0":1,"1":1},"b":{"0":[0,1],"1":[1,0],"2":[1,0],"3":[1,1]}}
,"C:\\Users\\Ibrah\\Documents\\Html\\ynov-2602-mfp\\server\\src\\entities\\User.ts": {"path":"C:\\Users\\Ibrah\\Documents\\Html\\ynov-2602-mfp\\server\\src\\entities\\User.ts","statementMap":{"0":{"start":{"line":1,"column":0},"end":{"line":1,"column":null}},"1":{"start":{"line":9,"column":0},"end":{"line":9,"column":36}},"2":{"start":{"line":12,"column":7},"end":{"line":27,"column":null}},"3":{"start":{"line":12,"column":13},"end":{"line":12,"column":17}},"4":{"start":{"line":14,"column":2},"end":{"line":14,"column":null}},"5":{"start":{"line":17,"column":2},"end":{"line":17,"column":null}},"6":{"start":{"line":20,"column":2},"end":{"line":20,"column":null}},"7":{"start":{"line":23,"column":2},"end":{"line":23,"column":null}},"8":{"start":{"line":22,"column":19},"end":{"line":22,"column":26}},"9":{"start":{"line":22,"column":41},"end":{"line":22,"column":53}},"10":{"start":{"line":26,"column":2},"end":{"line":26,"column":null}},"11":{"start":{"line":12,"column":13},"end":{"line":27,"column":null}}},"fnMap":{"0":{"name":"(anonymous_2)","decl":{"start":{"line":22,"column":13},"end":{"line":22,"column":16}},"loc":{"start":{"line":22,"column":19},"end":{"line":22,"column":26}}},"1":{"name":"(anonymous_3)","decl":{"start":{"line":22,"column":28},"end":{"line":22,"column":29}},"loc":{"start":{"line":22,"column":41},"end":{"line":22,"column":53}}}},"branchMap":{"0":{"loc":{"start":{"line":26,"column":13},"end":{"line":26,"column":18}},"type":"cond-expr","locations":[{"start":{"line":26,"column":17},"end":{"line":26,"column":18}},{"start":{"line":26,"column":17},"end":{"line":26,"column":18}}]},"1":{"loc":{"start":{"line":26,"column":13},"end":{"line":26,"column":17}},"type":"binary-expr","locations":[{"start":{"line":26,"column":13},"end":{"line":26,"column":18}},{"start":{"line":26,"column":13},"end":{"line":26,"column":17}}]}},"s":{"0":1,"1":1,"2":1,"3":1,"4":1,"5":1,"6":1,"7":1,"8":1,"9":1,"10":1,"11":1},"f":{"0":1,"1":1},"b":{"0":[1,0],"1":[1,1]}}
,"C:\\Users\\Ibrah\\Documents\\Html\\ynov-2602-mfp\\server\\src\\tests\\countries.ts": {"path":"C:\\Users\\Ibrah\\Documents\\Html\\ynov-2602-mfp\\server\\src\\tests\\countries.ts","statementMap":{"0":{"start":{"line":13,"column":0},"end":{"line":13,"column":7}},"1":{"start":{"line":14,"column":24},"end":{"line":14,"column":44}},"2":{"start":{"line":16,"column":16},"end":{"line":16,"column":81}},"3":{"start":{"line":17,"column":36},"end":{"line":17,"column":52}},"4":{"start":{"line":19,"column":21},"end":{"line":20,"column":84}},"5":{"start":{"line":20,"column":32},"end":{"line":20,"column":83}},"6":{"start":{"line":22,"column":4},"end":{"line":22,"column":76}},"7":{"start":{"line":22,"column":44},"end":{"line":22,"column":73}}},"fnMap":{"0":{"name":"fetchCountriesByPrefix","decl":{"start":{"line":13,"column":22},"end":{"line":13,"column":44}},"loc":{"start":{"line":13,"column":59},"end":{"line":23,"column":1}}},"1":{"name":"(anonymous_1)","decl":{"start":{"line":20,"column":16},"end":{"line":20,"column":17}},"loc":{"start":{"line":20,"column":32},"end":{"line":20,"column":83}}},"2":{"name":"(anonymous_2)","decl":{"start":{"line":22,"column":24},"end":{"line":22,"column":25}},"loc":{"start":{"line":22,"column":44},"end":{"line":22,"column":73}}}},"branchMap":{},"s":{"0":1,"1":3,"2":3,"3":3,"4":3,"5":9,"6":3,"7":3},"f":{"0":3,"1":9,"2":3},"b":{}}
,"C:\\Users\\Ibrah\\Documents\\Html\\ynov-2602-mfp\\server\\src\\tests\\index.ts": {"path":"C:\\Users\\Ibrah\\Documents\\Html\\ynov-2602-mfp\\server\\src\\tests\\index.ts","statementMap":{"0":{"start":{"line":1,"column":0},"end":{"line":1,"column":23}},"1":{"start":{"line":2,"column":0},"end":{"line":2,"column":29}},"2":{"start":{"line":3,"column":0},"end":{"line":3,"column":58}},"3":{"start":{"line":8,"column":12},"end":{"line":8,"column":21}},"4":{"start":{"line":15,"column":0},"end":{"line":15,"column":null}},"5":{"start":{"line":21,"column":0},"end":{"line":21,"column":null}},"6":{"start":{"line":26,"column":0},"end":{"line":26,"column":null}},"7":{"start":{"line":31,"column":0},"end":{"line":31,"column":null}},"8":{"start":{"line":31,"column":27},"end":{"line":31,"column":41}},"9":{"start":{"line":36,"column":0},"end":{"line":36,"column":null}},"10":{"start":{"line":36,"column":23},"end":{"line":36,"column":48}},"11":{"start":{"line":38,"column":0},"end":{"line":38,"column":19}}},"fnMap":{"0":{"name":"(anonymous_1)","decl":{"start":{"line":31,"column":13},"end":{"line":31,"column":14}},"loc":{"start":{"line":31,"column":27},"end":{"line":31,"column":41}}},"1":{"name":"(anonymous_2)","decl":{"start":{"line":36,"column":17},"end":{"line":36,"column":20}},"loc":{"start":{"line":36,"column":23},"end":{"line":36,"column":48}}}},"branchMap":{},"s":{"0":1,"1":1,"2":1,"3":1,"4":1,"5":1,"6":1,"7":1,"8":0,"9":1,"10":1,"11":1},"f":{"0":0,"1":1},"b":{}}
,"C:\\Users\\Ibrah\\Documents\\Html\\ynov-2602-mfp\\server\\src\\tests\\mapping.ts": {"path":"C:\\Users\\Ibrah\\Documents\\Html\\ynov-2602-mfp\\server\\src\\tests\\mapping.ts","statementMap":{"0":{"start":{"line":1,"column":0},"end":{"line":1,"column":16}},"1":{"start":{"line":2,"column":26},"end":{"line":2,"column":28}},"2":{"start":{"line":4,"column":4},"end":{"line":6,"column":5}},"3":{"start":{"line":4,"column":17},"end":{"line":4,"column":18}},"4":{"start":{"line":5,"column":8},"end":{"line":5,"column":42}},"5":{"start":{"line":8,"column":4},"end":{"line":8,"column":18}}},"fnMap":{"0":{"name":"map","decl":{"start":{"line":1,"column":16},"end":{"line":1,"column":19}},"loc":{"start":{"line":1,"column":64},"end":{"line":9,"column":1}}}},"branchMap":{},"s":{"0":1,"1":2,"2":2,"3":2,"4":10,"5":2},"f":{"0":2},"b":{}}
,"C:\\Users\\Ibrah\\Documents\\Html\\ynov-2602-mfp\\server\\src\\tests\\words\\search.ts": {"path":"C:\\Users\\Ibrah\\Documents\\Html\\ynov-2602-mfp\\server\\src\\tests\\words\\search.ts","statementMap":{"0":{"start":{"line":3,"column":0},"end":{"line":3,"column":16}},"1":{"start":{"line":9,"column":0},"end":{"line":9,"column":7}},"2":{"start":{"line":1,"column":11},"end":{"line":1,"column":33}},"3":{"start":{"line":4,"column":18},"end":{"line":4,"column":36}},"4":{"start":{"line":5,"column":17},"end":{"line":5,"column":59}},"5":{"start":{"line":6,"column":4},"end":{"line":6,"column":null}},"6":{"start":{"line":10,"column":17},"end":{"line":10,"column":54}},"7":{"start":{"line":11,"column":4},"end":{"line":11,"column":58}}},"fnMap":{"0":{"name":"countWords","decl":{"start":{"line":3,"column":16},"end":{"line":3,"column":26}},"loc":{"start":{"line":3,"column":53},"end":{"line":7,"column":1}}},"1":{"name":"countWordsInFile","decl":{"start":{"line":9,"column":22},"end":{"line":9,"column":38}},"loc":{"start":{"line":9,"column":96},"end":{"line":12,"column":1}}}},"branchMap":{"0":{"loc":{"start":{"line":9,"column":71},"end":{"line":9,"column":96}},"type":"default-arg","locations":[{"start":{"line":9,"column":90},"end":{"line":9,"column":96}}]}},"s":{"0":1,"1":1,"2":1,"3":2,"4":2,"5":2,"6":1,"7":1},"f":{"0":2,"1":1},"b":{"0":[1]}}
,"C:\\Users\\Ibrah\\Documents\\Html\\ynov-2602-mfp\\server\\src\\tests\\words\\words.controller.ts": {"path":"C:\\Users\\Ibrah\\Documents\\Html\\ynov-2602-mfp\\server\\src\\tests\\words\\words.controller.ts","statementMap":{"0":{"start":{"line":1,"column":0},"end":{"line":1,"column":32}},"1":{"start":{"line":2,"column":0},"end":{"line":2,"column":55}},"2":{"start":{"line":6,"column":24},"end":{"line":6,"column":32}},"3":{"start":{"line":35,"column":9},"end":{"line":35,"column":24}},"4":{"start":{"line":8,"column":0},"end":{"line":23,"column":null}},"5":{"start":{"line":9,"column":19},"end":{"line":9,"column":42}},"6":{"start":{"line":11,"column":4},"end":{"line":13,"column":5}},"7":{"start":{"line":15,"column":15},"end":{"line":15,"column":75}},"8":{"start":{"line":16,"column":4},"end":{"line":18,"column":5}},"9":{"start":{"line":20,"column":4},"end":{"line":22,"column":null}},"10":{"start":{"line":25,"column":0},"end":{"line":33,"column":null}},"11":{"start":{"line":26,"column":21},"end":{"line":26,"column":29}},"12":{"start":{"line":28,"column":15},"end":{"line":28,"column":57}},"13":{"start":{"line":30,"column":4},"end":{"line":32,"column":null}}},"fnMap":{"0":{"name":"(anonymous_0)","decl":{"start":{"line":8,"column":30},"end":{"line":8,"column":35}},"loc":{"start":{"line":8,"column":49},"end":{"line":23,"column":1}}},"1":{"name":"(anonymous_1)","decl":{"start":{"line":25,"column":26},"end":{"line":25,"column":27}},"loc":{"start":{"line":25,"column":39},"end":{"line":33,"column":1}}}},"branchMap":{"0":{"loc":{"start":{"line":11,"column":4},"end":{"line":13,"column":5}},"type":"if","locations":[{"start":{"line":11,"column":4},"end":{"line":13,"column":5}},{"start":{},"end":{}}]},"1":{"loc":{"start":{"line":16,"column":4},"end":{"line":18,"column":5}},"type":"if","locations":[{"start":{"line":16,"column":4},"end":{"line":18,"column":5}},{"start":{},"end":{}}]}},"s":{"0":1,"1":1,"2":1,"3":1,"4":1,"5":1,"6":1,"7":1,"8":1,"9":1,"10":1,"11":1,"12":1,"13":1},"f":{"0":1,"1":1},"b":{"0":[0,1],"1":[0,1]}}
,"C:\\Users\\Ibrah\\Documents\\Html\\ynov-2602-mfp\\server\\src\\utils\\getCoordinatesFromSearch.ts": {"path":"C:\\Users\\Ibrah\\Documents\\Html\\ynov-2602-mfp\\server\\src\\utils\\getCoordinatesFromSearch.ts","statementMap":{"0":{"start":{"line":3,"column":0},"end":{"line":3,"column":7}},"1":{"start":{"line":1,"column":0},"end":{"line":1,"column":26}},"2":{"start":{"line":6,"column":2},"end":{"line":23,"column":3}},"3":{"start":{"line":7,"column":21},"end":{"line":8,"column":null}},"4":{"start":{"line":10,"column":4},"end":{"line":20,"column":5}},"5":{"start":{"line":11,"column":24},"end":{"line":12,"column":null}},"6":{"start":{"line":12,"column":19},"end":{"line":12,"column":60}},"7":{"start":{"line":14,"column":6},"end":{"line":19,"column":7}},"8":{"start":{"line":15,"column":8},"end":{"line":18,"column":10}},"9":{"start":{"line":22,"column":4},"end":{"line":22,"column":43}},"10":{"start":{"line":24,"column":2},"end":{"line":24,"column":14}}},"fnMap":{"0":{"name":"getCoordinatesFromSearch","decl":{"start":{"line":3,"column":22},"end":{"line":3,"column":46}},"loc":{"start":{"line":4,"column":20},"end":{"line":25,"column":1}}},"1":{"name":"(anonymous_2)","decl":{"start":{"line":12,"column":8},"end":{"line":12,"column":9}},"loc":{"start":{"line":12,"column":19},"end":{"line":12,"column":60}}}},"branchMap":{"0":{"loc":{"start":{"line":10,"column":4},"end":{"line":20,"column":5}},"type":"if","locations":[{"start":{"line":10,"column":4},"end":{"line":20,"column":5}},{"start":{},"end":{}}]},"1":{"loc":{"start":{"line":14,"column":6},"end":{"line":19,"column":7}},"type":"if","locations":[{"start":{"line":14,"column":6},"end":{"line":19,"column":7}},{"start":{},"end":{}}]}},"s":{"0":2,"1":2,"2":1,"3":1,"4":1,"5":1,"6":1,"7":1,"8":1,"9":0,"10":0},"f":{"0":1,"1":1},"b":{"0":[1,0],"1":[1,0]}}
,"C:\\Users\\Ibrah\\Documents\\Html\\ynov-2602-mfp\\server\\src\\utils\\getDistance.ts": {"path":"C:\\Users\\Ibrah\\Documents\\Html\\ynov-2602-mfp\\server\\src\\utils\\getDistance.ts","statementMap":{"0":{"start":{"line":1,"column":0},"end":{"line":1,"column":16}},"1":{"start":{"line":5,"column":22},"end":{"line":5,"column":26}},"2":{"start":{"line":7,"column":18},"end":{"line":7,"column":61}},"3":{"start":{"line":8,"column":18},"end":{"line":8,"column":61}},"4":{"start":{"line":11,"column":4},"end":{"line":15,"column":49}},"5":{"start":{"line":16,"column":15},"end":{"line":16,"column":65}},"6":{"start":{"line":18,"column":19},"end":{"line":18,"column":37}},"7":{"start":{"line":20,"column":2},"end":{"line":20,"column":18}}},"fnMap":{"0":{"name":"getDistance","decl":{"start":{"line":1,"column":16},"end":{"line":1,"column":27}},"loc":{"start":{"line":3,"column":38},"end":{"line":21,"column":1}}}},"branchMap":{},"s":{"0":2,"1":3,"2":3,"3":3,"4":3,"5":3,"6":3,"7":3},"f":{"0":3},"b":{}}
,"C:\\Users\\Ibrah\\Documents\\Html\\ynov-2602-mfp\\server\\src\\utils\\getUserFromRequest.ts": {"path":"C:\\Users\\Ibrah\\Documents\\Html\\ynov-2602-mfp\\server\\src\\utils\\getUserFromRequest.ts","statementMap":{"0":{"start":{"line":7,"column":0},"end":{"line":7,"column":7}},"1":{"start":{"line":2,"column":0},"end":{"line":2,"column":31}},"2":{"start":{"line":3,"column":0},"end":{"line":3,"column":40}},"3":{"start":{"line":5,"column":23},"end":{"line":5,"column":70}},"4":{"start":{"line":8,"column":29},"end":{"line":8,"column":33}},"5":{"start":{"line":9,"column":24},"end":{"line":9,"column":52}},"6":{"start":{"line":10,"column":2},"end":{"line":14,"column":3}},"7":{"start":{"line":11,"column":4},"end":{"line":11,"column":43}},"8":{"start":{"line":12,"column":9},"end":{"line":14,"column":3}},"9":{"start":{"line":13,"column":4},"end":{"line":13,"column":33}},"10":{"start":{"line":16,"column":2},"end":{"line":32,"column":3}},"11":{"start":{"line":17,"column":4},"end":{"line":29,"column":5}},"12":{"start":{"line":18,"column":22},"end":{"line":18,"column":77}},"13":{"start":{"line":19,"column":6},"end":{"line":26,"column":7}},"14":{"start":{"line":20,"column":21},"end":{"line":20,"column":65}},"15":{"start":{"line":21,"column":8},"end":{"line":25,"column":9}},"16":{"start":{"line":22,"column":10},"end":{"line":22,"column":22}},"17":{"start":{"line":24,"column":10},"end":{"line":24,"column":22}},"18":{"start":{"line":28,"column":6},"end":{"line":28,"column":18}},"19":{"start":{"line":31,"column":4},"end":{"line":31,"column":16}}},"fnMap":{"0":{"name":"getUserFromRequest","decl":{"start":{"line":7,"column":22},"end":{"line":7,"column":40}},"loc":{"start":{"line":7,"column":53},"end":{"line":33,"column":1}}}},"branchMap":{"0":{"loc":{"start":{"line":5,"column":23},"end":{"line":5,"column":70}},"type":"binary-expr","locations":[{"start":{"line":5,"column":23},"end":{"line":5,"column":49}},{"start":{"line":5,"column":53},"end":{"line":5,"column":70}}]},"1":{"loc":{"start":{"line":10,"column":2},"end":{"line":14,"column":3}},"type":"if","locations":[{"start":{"line":10,"column":2},"end":{"line":14,"column":3}},{"start":{"line":12,"column":9},"end":{"line":14,"column":3}}]},"2":{"loc":{"start":{"line":10,"column":6},"end":{"line":10,"column":58}},"type":"binary-expr","locations":[{"start":{"line":10,"column":6},"end":{"line":10,"column":19}},{"start":{"line":10,"column":23},"end":{"line":10,"column":58}}]},"3":{"loc":{"start":{"line":12,"column":9},"end":{"line":14,"column":3}},"type":"if","locations":[{"start":{"line":12,"column":9},"end":{"line":14,"column":3}},{"start":{},"end":{}}]},"4":{"loc":{"start":{"line":16,"column":2},"end":{"line":32,"column":3}},"type":"if","locations":[{"start":{"line":16,"column":2},"end":{"line":32,"column":3}},{"start":{"line":30,"column":9},"end":{"line":32,"column":3}}]},"5":{"loc":{"start":{"line":19,"column":6},"end":{"line":26,"column":7}},"type":"if","locations":[{"start":{"line":19,"column":6},"end":{"line":26,"column":7}},{"start":{},"end":{}}]},"6":{"loc":{"start":{"line":21,"column":8},"end":{"line":25,"column":9}},"type":"if","locations":[{"start":{"line":21,"column":8},"end":{"line":25,"column":9}},{"start":{"line":23,"column":15},"end":{"line":25,"column":9}}]}},"s":{"0":1,"1":1,"2":1,"3":1,"4":3,"5":3,"6":3,"7":3,"8":0,"9":0,"10":3,"11":3,"12":3,"13":3,"14":3,"15":3,"16":3,"17":0,"18":0,"19":0},"f":{"0":3},"b":{"0":[1,1],"1":[3,0],"2":[3,3],"3":[0,0],"4":[3,0],"5":[3,0],"6":[3,0]}}
,"C:\\Users\\Ibrah\\Documents\\Html\\ynov-2602-mfp\\server\\src\\utils\\isAuthorized.ts": {"path":"C:\\Users\\Ibrah\\Documents\\Html\\ynov-2602-mfp\\server\\src\\utils\\isAuthorized.ts","statementMap":{"0":{"start":{"line":4,"column":0},"end":{"line":4,"column":7}},"1":{"start":{"line":2,"column":0},"end":{"line":2,"column":58}},"2":{"start":{"line":9,"column":15},"end":{"line":9,"column":44}},"3":{"start":{"line":11,"column":2},"end":{"line":15,"column":3}},"4":{"start":{"line":12,"column":4},"end":{"line":12,"column":11}},"5":{"start":{"line":14,"column":4},"end":{"line":14,"column":62}}},"fnMap":{"0":{"name":"isAuthorized","decl":{"start":{"line":4,"column":22},"end":{"line":4,"column":34}},"loc":{"start":{"line":7,"column":20},"end":{"line":16,"column":1}}}},"branchMap":{"0":{"loc":{"start":{"line":11,"column":2},"end":{"line":15,"column":3}},"type":"if","locations":[{"start":{"line":11,"column":2},"end":{"line":15,"column":3}},{"start":{"line":13,"column":9},"end":{"line":15,"column":3}}]}},"s":{"0":1,"1":1,"2":2,"3":2,"4":2,"5":0},"f":{"0":2},"b":{"0":[2,0]}}
}
