TN:
SF:src\app.ts
FN:21,(anonymous_1)
FNF:1
FNH:0
FNDA:0,(anonymous_1)
DA:1,1
DA:2,1
DA:3,1
DA:5,1
DA:7,1
DA:15,1
DA:18,1
DA:21,1
DA:22,0
DA:25,1
LF:10
LH:9
BRF:0
BRH:0
end_of_record
TN:
SF:src\datasource.ts
FNF:0
FNH:0
DA:1,1
DA:3,1
DA:11,1
LF:3
LH:3
BRF:0
BRH:0
end_of_record
TN:
SF:src\router.ts
FNF:0
FNH:0
DA:1,1
DA:2,1
DA:3,1
DA:5,1
DA:7,1
DA:8,1
DA:10,1
LF:7
LH:7
BRF:0
BRH:0
end_of_record
TN:
SF:src\controllers\Addresses.ts
FN:10,(anonymous_0)
FN:37,(anonymous_1)
FN:43,(anonymous_2)
FN:48,(anonymous_3)
FNF:4
FNH:1
FNDA:0,(anonymous_0)
FNDA:0,(anonymous_1)
FNDA:1,(anonymous_2)
FNDA:0,(anonymous_3)
DA:1,1
DA:2,1
DA:3,1
DA:4,1
DA:5,1
DA:6,1
DA:8,1
DA:10,1
DA:11,0
DA:12,0
DA:13,0
DA:15,0
DA:16,0
DA:21,0
DA:23,0
DA:24,0
DA:25,0
DA:26,0
DA:27,0
DA:28,0
DA:29,0
DA:30,0
DA:31,0
DA:33,0
DA:37,1
DA:38,0
DA:39,0
DA:40,0
DA:43,1
DA:44,1
DA:45,1
DA:48,1
DA:49,0
DA:51,0
DA:52,0
DA:57,0
DA:59,0
DA:66,0
DA:71,0
DA:72,0
DA:73,0
DA:75,0
DA:76,0
DA:77,0
DA:81,0
DA:84,1
LF:46
LH:14
BRDA:15,0,0,0
BRDA:15,0,1,0
BRDA:15,1,0,0
BRDA:15,1,1,0
BRDA:23,2,0,0
BRDA:23,2,1,0
BRDA:51,3,0,0
BRDA:51,3,1,0
BRDA:51,4,0,0
BRDA:51,4,1,0
BRDA:51,4,2,0
BRDA:59,5,0,0
BRDA:59,5,1,0
BRDA:60,6,0,0
BRDA:60,6,1,0
BRDA:60,6,2,0
BRDA:60,6,3,0
BRDA:60,6,4,0
BRDA:76,7,0,0
BRDA:76,7,1,0
BRF:20
BRH:0
end_of_record
TN:
SF:src\controllers\Users.ts
FN:12,(anonymous_1)
FN:32,(anonymous_2)
FN:37,(anonymous_3)
FNF:3
FNH:3
FNDA:1,(anonymous_1)
FNDA:1,(anonymous_2)
FNDA:1,(anonymous_3)
DA:1,1
DA:2,1
DA:3,1
DA:4,1
DA:5,1
DA:6,1
DA:8,1
DA:10,1
DA:12,1
DA:13,1
DA:14,1
DA:16,1
DA:17,0
DA:20,1
DA:21,1
DA:22,1
DA:23,1
DA:24,1
DA:25,1
DA:27,0
DA:28,0
DA:32,1
DA:33,1
DA:34,1
DA:37,1
DA:38,1
DA:39,1
DA:41,1
DA:42,0
DA:45,1
DA:47,1
DA:48,0
DA:51,1
DA:52,1
DA:53,1
DA:54,1
DA:57,1
DA:59,0
DA:62,0
DA:66,1
LF:40
LH:33
BRDA:8,0,0,1
BRDA:8,0,1,1
BRDA:16,1,0,0
BRDA:16,1,1,1
BRDA:16,2,0,1
BRDA:16,2,1,1
BRDA:41,3,0,0
BRDA:41,3,1,1
BRDA:41,4,0,1
BRDA:41,4,1,1
BRDA:47,5,0,0
BRDA:47,5,1,1
BRDA:52,6,0,1
BRDA:52,6,1,0
BRF:14
BRH:10
end_of_record
TN:
SF:src\entities\Address.ts
FN:28,(anonymous_2)
FN:28,(anonymous_3)
FNF:2
FNH:2
FNDA:1,(anonymous_2)
FNDA:1,(anonymous_3)
DA:1,1
DA:9,1
DA:12,1
DA:14,1
DA:17,1
DA:20,1
DA:23,1
DA:26,1
DA:28,1
DA:29,1
DA:32,1
LF:11
LH:11
BRDA:29,0,0,0
BRDA:29,0,1,1
BRDA:29,1,0,1
BRDA:29,1,1,0
BRDA:32,2,0,1
BRDA:32,2,1,0
BRDA:32,3,0,1
BRDA:32,3,1,1
BRF:8
BRH:5
end_of_record
TN:
SF:src\entities\User.ts
FN:22,(anonymous_2)
FN:22,(anonymous_3)
FNF:2
FNH:2
FNDA:1,(anonymous_2)
FNDA:1,(anonymous_3)
DA:1,1
DA:9,1
DA:12,1
DA:14,1
DA:17,1
DA:20,1
DA:22,1
DA:23,1
DA:26,1
LF:9
LH:9
BRDA:26,0,0,1
BRDA:26,0,1,0
BRDA:26,1,0,1
BRDA:26,1,1,1
BRF:4
BRH:3
end_of_record
TN:
SF:src\tests\countries.ts
FN:13,fetchCountriesByPrefix
FN:20,(anonymous_1)
FN:22,(anonymous_2)
FNF:3
FNH:3
FNDA:3,fetchCountriesByPrefix
FNDA:9,(anonymous_1)
FNDA:3,(anonymous_2)
DA:13,1
DA:14,3
DA:16,3
DA:17,3
DA:19,3
DA:20,9
DA:22,3
LF:7
LH:7
BRF:0
BRH:0
end_of_record
TN:
SF:src\tests\index.ts
FN:31,(anonymous_1)
FN:36,(anonymous_2)
FNF:2
FNH:1
FNDA:0,(anonymous_1)
FNDA:1,(anonymous_2)
DA:1,1
DA:2,1
DA:3,1
DA:8,1
DA:15,1
DA:21,1
DA:26,1
DA:31,1
DA:36,1
DA:38,1
LF:10
LH:10
BRF:0
BRH:0
end_of_record
TN:
SF:src\tests\mapping.ts
FN:1,map
FNF:1
FNH:1
FNDA:2,map
DA:1,1
DA:2,2
DA:4,2
DA:5,10
DA:8,2
LF:5
LH:5
BRF:0
BRH:0
end_of_record
TN:
SF:src\tests\words\search.ts
FN:3,countWords
FN:9,countWordsInFile
FNF:2
FNH:2
FNDA:2,countWords
FNDA:1,countWordsInFile
DA:1,1
DA:3,1
DA:4,2
DA:5,2
DA:6,2
DA:9,1
DA:10,1
DA:11,1
LF:8
LH:8
BRDA:9,0,0,1
BRF:1
BRH:1
end_of_record
TN:
SF:src\tests\words\words.controller.ts
FN:8,(anonymous_0)
FN:25,(anonymous_1)
FNF:2
FNH:2
FNDA:1,(anonymous_0)
FNDA:1,(anonymous_1)
DA:1,1
DA:2,1
DA:6,1
DA:8,1
DA:9,1
DA:11,1
DA:15,1
DA:16,1
DA:20,1
DA:25,1
DA:26,1
DA:28,1
DA:30,1
DA:35,1
LF:14
LH:14
BRDA:11,0,0,0
BRDA:11,0,1,1
BRDA:16,1,0,0
BRDA:16,1,1,1
BRF:4
BRH:2
end_of_record
TN:
SF:src\utils\getCoordinatesFromSearch.ts
FN:3,getCoordinatesFromSearch
FN:12,(anonymous_2)
FNF:2
FNH:2
FNDA:1,getCoordinatesFromSearch
FNDA:1,(anonymous_2)
DA:1,2
DA:3,2
DA:6,1
DA:7,1
DA:10,1
DA:11,1
DA:12,1
DA:14,1
DA:15,1
DA:22,0
DA:24,0
LF:11
LH:9
BRDA:10,0,0,1
BRDA:10,0,1,0
BRDA:14,1,0,1
BRDA:14,1,1,0
BRF:4
BRH:2
end_of_record
TN:
SF:src\utils\getDistance.ts
FN:1,getDistance
FNF:1
FNH:1
FNDA:3,getDistance
DA:1,2
DA:5,3
DA:7,3
DA:8,3
DA:11,3
DA:16,3
DA:18,3
DA:20,3
LF:8
LH:8
BRF:0
BRH:0
end_of_record
TN:
SF:src\utils\getUserFromRequest.ts
FN:7,getUserFromRequest
FNF:1
FNH:1
FNDA:3,getUserFromRequest
DA:2,1
DA:3,1
DA:5,1
DA:7,1
DA:8,3
DA:9,3
DA:10,3
DA:11,3
DA:12,0
DA:13,0
DA:16,3
DA:17,3
DA:18,3
DA:19,3
DA:20,3
DA:21,3
DA:22,3
DA:24,0
DA:28,0
DA:31,0
LF:20
LH:15
BRDA:5,0,0,1
BRDA:5,0,1,1
BRDA:10,1,0,3
BRDA:10,1,1,0
BRDA:10,2,0,3
BRDA:10,2,1,3
BRDA:12,3,0,0
BRDA:12,3,1,0
BRDA:16,4,0,3
BRDA:16,4,1,0
BRDA:19,5,0,3
BRDA:19,5,1,0
BRDA:21,6,0,3
BRDA:21,6,1,0
BRF:14
BRH:8
end_of_record
TN:
SF:src\utils\isAuthorized.ts
FN:4,isAuthorized
FNF:1
FNH:1
FNDA:2,isAuthorized
DA:2,1
DA:4,1
DA:9,2
DA:11,2
DA:12,2
DA:14,0
LF:6
LH:5
BRDA:11,0,0,2
BRDA:11,0,1,0
BRF:2
BRH:1
end_of_record
